  No. of layers                6
  E values (MPa)         3000.00 3000.00  450.00 5000.00  600.00   50.00
  Mu values                 0.350.350.350.250.250.35
  thicknesses (mm)         50.00   50.00  150.00  150.00  150.00
  single wheel load (N) 20000.00
  tyre pressure (MPa)       0.56
  Dual  Wheel
    Z        R      SigmaZ      SigmaT     SigmaR     TaoRZ      DispZ      epZ        epT        epR
  100.00    0.00-0.2454E+00 0.4514E+00 0.3518E+00-0.1694E-01 0.3747E+00-0.1755E-03 0.1380E-03 0.9324E-04
  100.00L   0.00-0.2454E+00-0.4463E-01-0.5956E-01-0.1694E-01 0.3747E+00-0.4644E-03 0.1380E-03 0.9324E-04
  100.00  155.00-0.1689E+00 0.2345E+00-0.1976E+00-0.9261E-01 0.3714E+00-0.6061E-04 0.1209E-03-0.7351E-04
  100.00L 155.00-0.1689E+00-0.4214E-01-0.1069E+00-0.9261E-01 0.3714E+00-0.2594E-03 0.1209E-03-0.7351E-04
  400.00    0.00-0.1397E-01 0.4309E+00 0.3598E+00-0.1603E-02 0.3269E+00-0.4233E-04 0.6888E-04 0.5111E-04
  400.00L   0.00-0.1397E-01 0.4760E-01 0.3908E-01-0.1603E-02 0.3269E+00-0.5940E-04 0.6888E-04 0.5111E-04
  400.00  155.00-0.1494E-01 0.4650E+00 0.4066E+00-0.2458E-02 0.3338E+00-0.4657E-04 0.7342E-04 0.5882E-04
  400.00L 155.00-0.1492E-01 0.5142E-01 0.4441E-01-0.2461E-02 0.3338E+00-0.6480E-04 0.7342E-04 0.5881E-04
  550.00    0.00-0.5498E-01 0.1822E+00 0.1389E+00 0.3186E-01 0.3094E+00-0.2254E-03 0.2687E-03 0.1784E-03
  550.00L   0.00-0.1098E-01-0.1411E-02-0.1823E-02-0.1217E-02 0.2943E+00-0.1969E-03 0.6140E-04 0.5028E-04
  550.00  155.00-0.5487E-01 0.2004E+00 0.1469E+00 0.9428E-01 0.3148E+00-0.2362E-03 0.2957E-03 0.1841E-03
  550.00L 155.00-0.1156E-01-0.1444E-02-0.1723E-02-0.1597E-02 0.2989E+00-0.2091E-03 0.6410E-04 0.5659E-04
